{"C:\\Users\\Cliente\\Documents\\projetos\\schedulin\\controllers\\schedule_controller.js": {"path":"C:\\Users\\Cliente\\Documents\\projetos\\schedulin\\controllers\\schedule_controller.js","statementMap":{"0":{"start":{"line":1,"column":14},"end":{"line":1,"column":33}},"1":{"start":{"line":3,"column":0},"end":{"line":31,"column":2}},"2":{"start":{"line":4,"column":4},"end":{"line":30,"column":5}},"3":{"start":{"line":5,"column":23},"end":{"line":5,"column":68}},"4":{"start":{"line":6,"column":8},"end":{"line":8,"column":9}},"5":{"start":{"line":7,"column":12},"end":{"line":7,"column":58}},"6":{"start":{"line":9,"column":25},"end":{"line":26,"column":9}},"7":{"start":{"line":12,"column":16},"end":{"line":24,"column":17}},"8":{"start":{"line":27,"column":8},"end":{"line":27,"column":46}},"9":{"start":{"line":29,"column":8},"end":{"line":29,"column":54}},"10":{"start":{"line":33,"column":0},"end":{"line":65,"column":2}},"11":{"start":{"line":34,"column":4},"end":{"line":64,"column":5}},"12":{"start":{"line":35,"column":22},"end":{"line":36,"column":43}},"13":{"start":{"line":37,"column":8},"end":{"line":43,"column":11}},"14":{"start":{"line":45,"column":25},"end":{"line":59,"column":9}},"15":{"start":{"line":60,"column":8},"end":{"line":60,"column":46}},"16":{"start":{"line":63,"column":8},"end":{"line":63,"column":54}},"17":{"start":{"line":67,"column":0},"end":{"line":96,"column":2}},"18":{"start":{"line":68,"column":4},"end":{"line":95,"column":5}},"19":{"start":{"line":69,"column":22},"end":{"line":69,"column":68}},"20":{"start":{"line":70,"column":23},"end":{"line":70,"column":75}},"21":{"start":{"line":71,"column":8},"end":{"line":75,"column":9}},"22":{"start":{"line":72,"column":12},"end":{"line":74,"column":14}},"23":{"start":{"line":76,"column":25},"end":{"line":90,"column":9}},"24":{"start":{"line":91,"column":8},"end":{"line":91,"column":45}},"25":{"start":{"line":94,"column":8},"end":{"line":94,"column":54}},"26":{"start":{"line":97,"column":0},"end":{"line":138,"column":2}},"27":{"start":{"line":99,"column":4},"end":{"line":136,"column":5}},"28":{"start":{"line":100,"column":22},"end":{"line":107,"column":42}},"29":{"start":{"line":108,"column":8},"end":{"line":115,"column":11}},"30":{"start":{"line":116,"column":25},"end":{"line":131,"column":9}},"31":{"start":{"line":132,"column":8},"end":{"line":132,"column":39}},"32":{"start":{"line":135,"column":8},"end":{"line":135,"column":53}},"33":{"start":{"line":140,"column":0},"end":{"line":156,"column":2}},"34":{"start":{"line":141,"column":4},"end":{"line":155,"column":5}},"35":{"start":{"line":142,"column":22},"end":{"line":142,"column":66}},"36":{"start":{"line":143,"column":8},"end":{"line":143,"column":61}},"37":{"start":{"line":144,"column":25},"end":{"line":151,"column":9}},"38":{"start":{"line":152,"column":8},"end":{"line":152,"column":39}},"39":{"start":{"line":154,"column":8},"end":{"line":154,"column":53}}},"fnMap":{"0":{"name":"(anonymous_0)","decl":{"start":{"line":3,"column":24},"end":{"line":3,"column":25}},"loc":{"start":{"line":3,"column":50},"end":{"line":31,"column":1}},"line":3},"1":{"name":"(anonymous_1)","decl":{"start":{"line":11,"column":33},"end":{"line":11,"column":34}},"loc":{"start":{"line":11,"column":41},"end":{"line":25,"column":13}},"line":11},"2":{"name":"(anonymous_2)","decl":{"start":{"line":33,"column":25},"end":{"line":33,"column":26}},"loc":{"start":{"line":33,"column":51},"end":{"line":65,"column":1}},"line":33},"3":{"name":"(anonymous_3)","decl":{"start":{"line":67,"column":25},"end":{"line":67,"column":26}},"loc":{"start":{"line":67,"column":51},"end":{"line":96,"column":1}},"line":67},"4":{"name":"(anonymous_4)","decl":{"start":{"line":97,"column":26},"end":{"line":97,"column":27}},"loc":{"start":{"line":97,"column":52},"end":{"line":138,"column":1}},"line":97},"5":{"name":"(anonymous_5)","decl":{"start":{"line":140,"column":27},"end":{"line":140,"column":28}},"loc":{"start":{"line":140,"column":53},"end":{"line":156,"column":1}},"line":140}},"branchMap":{"0":{"loc":{"start":{"line":6,"column":8},"end":{"line":8,"column":9}},"type":"if","locations":[{"start":{"line":6,"column":8},"end":{"line":8,"column":9}},{"start":{"line":6,"column":8},"end":{"line":8,"column":9}}],"line":6},"1":{"loc":{"start":{"line":71,"column":8},"end":{"line":75,"column":9}},"type":"if","locations":[{"start":{"line":71,"column":8},"end":{"line":75,"column":9}},{"start":{"line":71,"column":8},"end":{"line":75,"column":9}}],"line":71}},"s":{"0":1,"1":1,"2":1,"3":1,"4":0,"5":0,"6":0,"7":0,"8":0,"9":0,"10":1,"11":1,"12":1,"13":1,"14":0,"15":0,"16":1,"17":1,"18":1,"19":1,"20":1,"21":0,"22":0,"23":0,"24":0,"25":1,"26":1,"27":1,"28":1,"29":1,"30":0,"31":0,"32":1,"33":1,"34":1,"35":1,"36":1,"37":0,"38":0,"39":1},"f":{"0":1,"1":0,"2":1,"3":1,"4":1,"5":1},"b":{"0":[0,0],"1":[0,0]},"_coverageSchema":"1a1c01bbd47fc00a2c39e90264f33305004495a9","hash":"3a8fafb9a603d39f40512e1786e6a37c2ed50d78"}
,"C:\\Users\\Cliente\\Documents\\projetos\\schedulin\\controllers\\users_controller.js": {"path":"C:\\Users\\Cliente\\Documents\\projetos\\schedulin\\controllers\\users_controller.js","statementMap":{"0":{"start":{"line":1,"column":14},"end":{"line":1,"column":33}},"1":{"start":{"line":2,"column":15},"end":{"line":2,"column":32}},"2":{"start":{"line":3,"column":12},"end":{"line":3,"column":35}},"3":{"start":{"line":5,"column":0},"end":{"line":30,"column":2}},"4":{"start":{"line":7,"column":4},"end":{"line":29,"column":5}},"5":{"start":{"line":8,"column":23},"end":{"line":8,"column":99}},"6":{"start":{"line":9,"column":8},"end":{"line":11,"column":9}},"7":{"start":{"line":10,"column":12},"end":{"line":10,"column":79}},"8":{"start":{"line":13,"column":21},"end":{"line":13,"column":65}},"9":{"start":{"line":15,"column":8},"end":{"line":15,"column":67}},"10":{"start":{"line":16,"column":24},"end":{"line":16,"column":74}},"11":{"start":{"line":18,"column":25},"end":{"line":24,"column":9}},"12":{"start":{"line":25,"column":8},"end":{"line":25,"column":46}},"13":{"start":{"line":28,"column":8},"end":{"line":28,"column":54}},"14":{"start":{"line":33,"column":0},"end":{"line":62,"column":2}},"15":{"start":{"line":35,"column":4},"end":{"line":61,"column":5}},"16":{"start":{"line":36,"column":22},"end":{"line":36,"column":59}},"17":{"start":{"line":37,"column":22},"end":{"line":37,"column":66}},"18":{"start":{"line":39,"column":8},"end":{"line":41,"column":9}},"19":{"start":{"line":40,"column":12},"end":{"line":40,"column":78}},"20":{"start":{"line":43,"column":8},"end":{"line":56,"column":9}},"21":{"start":{"line":44,"column":26},"end":{"line":51,"column":18}},"22":{"start":{"line":52,"column":12},"end":{"line":55,"column":15}},"23":{"start":{"line":57,"column":8},"end":{"line":57,"column":74}},"24":{"start":{"line":60,"column":8},"end":{"line":60,"column":75}}},"fnMap":{"0":{"name":"(anonymous_0)","decl":{"start":{"line":5,"column":24},"end":{"line":5,"column":25}},"loc":{"start":{"line":5,"column":50},"end":{"line":30,"column":1}},"line":5},"1":{"name":"(anonymous_1)","decl":{"start":{"line":33,"column":21},"end":{"line":33,"column":22}},"loc":{"start":{"line":33,"column":47},"end":{"line":62,"column":1}},"line":33}},"branchMap":{"0":{"loc":{"start":{"line":9,"column":8},"end":{"line":11,"column":9}},"type":"if","locations":[{"start":{"line":9,"column":8},"end":{"line":11,"column":9}},{"start":{"line":9,"column":8},"end":{"line":11,"column":9}}],"line":9},"1":{"loc":{"start":{"line":39,"column":8},"end":{"line":41,"column":9}},"type":"if","locations":[{"start":{"line":39,"column":8},"end":{"line":41,"column":9}},{"start":{"line":39,"column":8},"end":{"line":41,"column":9}}],"line":39},"2":{"loc":{"start":{"line":43,"column":8},"end":{"line":56,"column":9}},"type":"if","locations":[{"start":{"line":43,"column":8},"end":{"line":56,"column":9}},{"start":{"line":43,"column":8},"end":{"line":56,"column":9}}],"line":43}},"s":{"0":1,"1":1,"2":1,"3":1,"4":1,"5":1,"6":0,"7":0,"8":0,"9":0,"10":0,"11":0,"12":0,"13":1,"14":1,"15":1,"16":1,"17":1,"18":0,"19":0,"20":0,"21":0,"22":0,"23":0,"24":1},"f":{"0":1,"1":1},"b":{"0":[0,0],"1":[0,0],"2":[0,0]},"_coverageSchema":"1a1c01bbd47fc00a2c39e90264f33305004495a9","hash":"c5c0790bc493bf456fe764f610669c2014794826"}
}
