TN:
SF:controllers\schedule_controller.js
FN:3,(anonymous_0)
FN:11,(anonymous_1)
FN:33,(anonymous_2)
FN:67,(anonymous_3)
FN:97,(anonymous_4)
FN:140,(anonymous_5)
FNF:6
FNH:5
FNDA:1,(anonymous_0)
FNDA:0,(anonymous_1)
FNDA:1,(anonymous_2)
FNDA:1,(anonymous_3)
FNDA:1,(anonymous_4)
FNDA:1,(anonymous_5)
DA:1,1
DA:3,1
DA:4,1
DA:5,1
DA:6,0
DA:7,0
DA:9,0
DA:12,0
DA:27,0
DA:29,0
DA:33,1
DA:34,1
DA:35,1
DA:37,1
DA:45,0
DA:60,0
DA:63,1
DA:67,1
DA:68,1
DA:69,1
DA:70,1
DA:71,0
DA:72,0
DA:76,0
DA:91,0
DA:94,1
DA:97,1
DA:99,1
DA:100,1
DA:108,1
DA:116,0
DA:132,0
DA:135,1
DA:140,1
DA:141,1
DA:142,1
DA:143,1
DA:144,0
DA:152,0
DA:154,1
LF:40
LH:24
BRDA:6,0,0,0
BRDA:6,0,1,0
BRDA:71,1,0,0
BRDA:71,1,1,0
BRF:4
BRH:0
end_of_record
TN:
SF:controllers\users_controller.js
FN:5,(anonymous_0)
FN:33,(anonymous_1)
FNF:2
FNH:2
FNDA:1,(anonymous_0)
FNDA:1,(anonymous_1)
DA:1,1
DA:2,1
DA:3,1
DA:5,1
DA:7,1
DA:8,1
DA:9,0
DA:10,0
DA:13,0
DA:15,0
DA:16,0
DA:18,0
DA:25,0
DA:28,1
DA:33,1
DA:35,1
DA:36,1
DA:37,1
DA:39,0
DA:40,0
DA:43,0
DA:44,0
DA:52,0
DA:57,0
DA:60,1
LF:25
LH:12
BRDA:9,0,0,0
BRDA:9,0,1,0
BRDA:39,1,0,0
BRDA:39,1,1,0
BRDA:43,2,0,0
BRDA:43,2,1,0
BRF:6
BRH:0
end_of_record
